build/app/intermediates/manifest_merge_blame_file/debug/manifest-merger-blame-debug-report.txt
1<?xml version="1.0" encoding="utf-8"?>
2<manifest xmlns:android="http://schemas.android.com/apk/res/android"
3    package="com.example.todoApp"
4    android:versionCode="1"
5    android:versionName="1.0.0" >
6
7    <uses-sdk
8        android:minSdkVersion="16"
9        android:targetSdkVersion="31" />
10    <!--
11         Flutter needs it to communicate with the running application
12         to allow setting breakpoints, to provide hot reload, etc.
13    -->
14    <uses-permission android:name="android.permission.INTERNET" />
14-->src/debug/AndroidManifest.xml:6:5-66
14-->src/debug/AndroidManifest.xml:6:22-64
15    <!-- Although the *SdkVersion is captured in gradle build files, this is required for non gradle builds -->
16    <!-- <uses-sdk android:minSdkVersion="14" /> -->
17    <uses-permission android:name="android.permission.ACCESS_NETWORK_STATE" />
17-->[com.google.firebase:firebase-firestore:21.7.1] AndroidManifest.xml:13:5-79
17-->[com.google.firebase:firebase-firestore:21.7.1] AndroidManifest.xml:13:22-76
18    <uses-permission android:name="android.permission.WAKE_LOCK" />
18-->[com.google.android.gms:play-services-measurement-api:17.6.0] AndroidManifest.xml:24:5-68
18-->[com.google.android.gms:play-services-measurement-api:17.6.0] AndroidManifest.xml:24:22-65
19    <uses-permission android:name="com.google.android.finsky.permission.BIND_GET_INSTALL_REFERRER_SERVICE" />
19-->[com.google.android.gms:play-services-measurement:17.6.0] AndroidManifest.xml:26:5-110
19-->[com.google.android.gms:play-services-measurement:17.6.0] AndroidManifest.xml:26:22-107
20
21    <application
21-->src/main/AndroidManifest.xml:3:4-41:19
22        android:name="androidx.multidex.MultiDexApplication"
23        android:appComponentFactory="androidx.core.app.CoreComponentFactory"
23-->[androidx.core:core:1.6.0] AndroidManifest.xml:24:18-86
24        android:debuggable="true"
25        android:icon="@mipmap/ic_launcher"
25-->src/main/AndroidManifest.xml:5:9-43
26        android:label="todoApp" >
26-->src/main/AndroidManifest.xml:4:9-32
27        <activity
27-->src/main/AndroidManifest.xml:6:9-35:20
28            android:name="com.example.todoApp.MainActivity"
28-->src/main/AndroidManifest.xml:8:13-41
29            android:configChanges="orientation|keyboardHidden|keyboard|screenSize|smallestScreenSize|locale|layoutDirection|fontScale|screenLayout|density|uiMode"
29-->src/main/AndroidManifest.xml:11:13-163
30            android:exported="true"
30-->src/main/AndroidManifest.xml:7:10-33
31            android:hardwareAccelerated="true"
31-->src/main/AndroidManifest.xml:12:13-47
32            android:launchMode="singleTop"
32-->src/main/AndroidManifest.xml:9:13-43
33            android:theme="@style/LaunchTheme"
33-->src/main/AndroidManifest.xml:10:13-47
34            android:windowSoftInputMode="adjustResize" >
34-->src/main/AndroidManifest.xml:13:13-55
35
36            <!--
37                 Specifies an Android theme to apply to this Activity as soon as
38                 the Android process has started. This theme is visible to the user
39                 while the Flutter UI initializes. After that, this theme continues
40                 to determine the Window background behind the Flutter UI.
41            -->
42            <meta-data
42-->src/main/AndroidManifest.xml:18:13-21:17
43                android:name="io.flutter.embedding.android.NormalTheme"
43-->src/main/AndroidManifest.xml:19:15-70
44                android:resource="@style/NormalTheme" />
44-->src/main/AndroidManifest.xml:20:15-52
45            <!--
46                 Displays an Android View that continues showing the launch screen
47                 Drawable until Flutter paints its first frame, then this splash
48                 screen fades out. A splash screen is useful to avoid any visual
49                 gap between the end of Android's launch screen and the painting of
50                 Flutter's first frame.
51            -->
52            <meta-data
52-->src/main/AndroidManifest.xml:27:13-30:17
53                android:name="io.flutter.embedding.android.SplashScreenDrawable"
53-->src/main/AndroidManifest.xml:28:15-79
54                android:resource="@drawable/launch_background" />
54-->src/main/AndroidManifest.xml:29:15-61
55
56            <intent-filter>
56-->src/main/AndroidManifest.xml:31:13-34:29
57                <action android:name="android.intent.action.MAIN" />
57-->src/main/AndroidManifest.xml:32:17-68
57-->src/main/AndroidManifest.xml:32:25-66
58
59                <category android:name="android.intent.category.LAUNCHER" />
59-->src/main/AndroidManifest.xml:33:17-76
59-->src/main/AndroidManifest.xml:33:27-74
60            </intent-filter>
61        </activity>
62        <!--
63             Don't delete the meta-data below.
64             This is used by the Flutter tool to generate GeneratedPluginRegistrant.java
65        -->
66        <meta-data
66-->src/main/AndroidManifest.xml:38:9-40:33
67            android:name="flutterEmbedding"
67-->src/main/AndroidManifest.xml:39:13-44
68            android:value="2" />
68-->src/main/AndroidManifest.xml:40:13-30
69
70        <service
70-->[:cloud_firestore] AndroidManifest.xml:8:9-12:19
71            android:name="com.google.firebase.components.ComponentDiscoveryService"
71-->[:cloud_firestore] AndroidManifest.xml:8:18-89
72            android:directBootAware="true"
72-->[com.google.firebase:firebase-common:19.3.1] AndroidManifest.xml:35:13-43
73            android:exported="false" >
73-->[com.google.firebase:firebase-firestore:21.7.1] AndroidManifest.xml:19:13-37
74            <meta-data
74-->[:cloud_firestore] AndroidManifest.xml:9:13-11:85
75                android:name="com.google.firebase.components:io.flutter.plugins.firebase.firestore.FlutterFirebaseFirestoreRegistrar"
75-->[:cloud_firestore] AndroidManifest.xml:10:17-134
76                android:value="com.google.firebase.components.ComponentRegistrar" />
76-->[:cloud_firestore] AndroidManifest.xml:11:17-82
77            <meta-data
77-->[:firebase_core] AndroidManifest.xml:9:13-11:85
78                android:name="com.google.firebase.components:io.flutter.plugins.firebase.core.FlutterFirebaseCoreRegistrar"
78-->[:firebase_core] AndroidManifest.xml:10:17-124
79                android:value="com.google.firebase.components.ComponentRegistrar" />
79-->[:firebase_core] AndroidManifest.xml:11:17-82
80            <meta-data
80-->[com.google.firebase:firebase-firestore:21.7.1] AndroidManifest.xml:20:13-22:85
81                android:name="com.google.firebase.components:com.google.firebase.firestore.FirestoreRegistrar"
81-->[com.google.firebase:firebase-firestore:21.7.1] AndroidManifest.xml:21:17-111
82                android:value="com.google.firebase.components.ComponentRegistrar" />
82-->[com.google.firebase:firebase-firestore:21.7.1] AndroidManifest.xml:22:17-82
83            <meta-data
83-->[com.google.android.gms:play-services-measurement-api:17.6.0] AndroidManifest.xml:30:13-32:85
84                android:name="com.google.firebase.components:com.google.firebase.analytics.connector.internal.AnalyticsConnectorRegistrar"
84-->[com.google.android.gms:play-services-measurement-api:17.6.0] AndroidManifest.xml:31:17-139
85                android:value="com.google.firebase.components.ComponentRegistrar" />
85-->[com.google.android.gms:play-services-measurement-api:17.6.0] AndroidManifest.xml:32:17-82
86            <meta-data
86-->[com.google.firebase:firebase-installations:16.3.2] AndroidManifest.xml:17:13-19:85
87                android:name="com.google.firebase.components:com.google.firebase.installations.FirebaseInstallationsRegistrar"
87-->[com.google.firebase:firebase-installations:16.3.2] AndroidManifest.xml:18:17-127
88                android:value="com.google.firebase.components.ComponentRegistrar" />
88-->[com.google.firebase:firebase-installations:16.3.2] AndroidManifest.xml:19:17-82
89        </service>
90
91        <uses-library
91-->[androidx.window:window:1.0.0-beta04] AndroidManifest.xml:25:9-27:40
92            android:name="androidx.window.extensions"
92-->[androidx.window:window:1.0.0-beta04] AndroidManifest.xml:26:13-54
93            android:required="false" />
93-->[androidx.window:window:1.0.0-beta04] AndroidManifest.xml:27:13-37
94        <uses-library
94-->[androidx.window:window:1.0.0-beta04] AndroidManifest.xml:28:9-30:40
95            android:name="androidx.window.sidecar"
95-->[androidx.window:window:1.0.0-beta04] AndroidManifest.xml:29:13-51
96            android:required="false" />
96-->[androidx.window:window:1.0.0-beta04] AndroidManifest.xml:30:13-37
97
98        <activity
98-->[com.google.android.gms:play-services-base:17.0.0] AndroidManifest.xml:23:9-26:75
99            android:name="com.google.android.gms.common.api.GoogleApiActivity"
99-->[com.google.android.gms:play-services-base:17.0.0] AndroidManifest.xml:24:13-79
100            android:exported="false"
100-->[com.google.android.gms:play-services-base:17.0.0] AndroidManifest.xml:25:13-37
101            android:theme="@android:style/Theme.Translucent.NoTitleBar" />
101-->[com.google.android.gms:play-services-base:17.0.0] AndroidManifest.xml:26:13-72
102
103        <provider
103-->[com.google.firebase:firebase-common:19.3.1] AndroidManifest.xml:26:9-31:39
104            android:name="com.google.firebase.provider.FirebaseInitProvider"
104-->[com.google.firebase:firebase-common:19.3.1] AndroidManifest.xml:27:13-77
105            android:authorities="com.example.todoApp.firebaseinitprovider"
105-->[com.google.firebase:firebase-common:19.3.1] AndroidManifest.xml:28:13-72
106            android:directBootAware="true"
106-->[com.google.firebase:firebase-common:19.3.1] AndroidManifest.xml:29:13-43
107            android:exported="false"
107-->[com.google.firebase:firebase-common:19.3.1] AndroidManifest.xml:30:13-37
108            android:initOrder="100" />
108-->[com.google.firebase:firebase-common:19.3.1] AndroidManifest.xml:31:13-36
109
110        <receiver
110-->[com.google.android.gms:play-services-measurement:17.6.0] AndroidManifest.xml:29:9-33:20
111            android:name="com.google.android.gms.measurement.AppMeasurementReceiver"
111-->[com.google.android.gms:play-services-measurement:17.6.0] AndroidManifest.xml:30:13-85
112            android:enabled="true"
112-->[com.google.android.gms:play-services-measurement:17.6.0] AndroidManifest.xml:31:13-35
113            android:exported="false" >
113-->[com.google.android.gms:play-services-measurement:17.6.0] AndroidManifest.xml:32:13-37
114        </receiver>
115
116        <service
116-->[com.google.android.gms:play-services-measurement:17.6.0] AndroidManifest.xml:35:9-38:40
117            android:name="com.google.android.gms.measurement.AppMeasurementService"
117-->[com.google.android.gms:play-services-measurement:17.6.0] AndroidManifest.xml:36:13-84
118            android:enabled="true"
118-->[com.google.android.gms:play-services-measurement:17.6.0] AndroidManifest.xml:37:13-35
119            android:exported="false" />
119-->[com.google.android.gms:play-services-measurement:17.6.0] AndroidManifest.xml:38:13-37
120        <service
120-->[com.google.android.gms:play-services-measurement:17.6.0] AndroidManifest.xml:39:9-43:72
121            android:name="com.google.android.gms.measurement.AppMeasurementJobService"
121-->[com.google.android.gms:play-services-measurement:17.6.0] AndroidManifest.xml:40:13-87
122            android:enabled="true"
122-->[com.google.android.gms:play-services-measurement:17.6.0] AndroidManifest.xml:41:13-35
123            android:exported="false"
123-->[com.google.android.gms:play-services-measurement:17.6.0] AndroidManifest.xml:42:13-37
124            android:permission="android.permission.BIND_JOB_SERVICE" />
124-->[com.google.android.gms:play-services-measurement:17.6.0] AndroidManifest.xml:43:13-69
125
126        <meta-data
126-->[com.google.android.gms:play-services-basement:17.0.0] AndroidManifest.xml:23:9-25:69
127            android:name="com.google.android.gms.version"
127-->[com.google.android.gms:play-services-basement:17.0.0] AndroidManifest.xml:24:13-58
128            android:value="@integer/google_play_services_version" />
128-->[com.google.android.gms:play-services-basement:17.0.0] AndroidManifest.xml:25:13-66
129    </application>
130
131</manifest>